<?xml version="1.0" encoding="UTF-8"?>
<!-- Generated by org.testng.reporters.JUnitXMLReporter -->
<testsuite ignored="0" hostname="milind-Latitude-3420" failures="0" tests="5" name="Assignments" time="37.691" errors="0" timestamp="2023-09-24T09:07:08 IST">
  <testcase classname="TestCases.TestAssignment1" name="assignment_1" time="7.867"/>
  <testcase classname="TestCases.TestAssignment2" name="assignment_2" time="22.77"/>
  <testcase classname="TestCases.TestAssignment3" name="m1" time="0.0"/>
  <testcase classname="TestCases.TestAssignment3" name="m1" time="0.001"/>
  <testcase classname="TestCases.TestAssignment3" name="m2" time="0.001"/>
</testsuite> <!-- Assignments -->
