<?xml version="1.0" encoding="UTF-8"?>
<!-- Generated by org.testng.reporters.JUnitXMLReporter -->
<testsuite ignored="0" hostname="milind-Latitude-3420" failures="0" tests="14" name="Command line test" time="45.612" errors="0" timestamp="2023-09-24T12:45:22 IST">
  <testcase classname="Programes.TestClass" name="reverseNumber" time="0.005"/>
  <testcase classname="Programes.TestClass" name="positiveOrNegative" time="0.003"/>
  <testcase classname="Programes.TestClass" name="alphabetCheck" time="0.001"/>
  <testcase classname="Programes.TestClass" name="sumOfNaturalNumbers" time="0.001"/>
  <testcase classname="Programes.TestClass" name="factorial" time="0.004"/>
  <testcase classname="Programes.TestClass" name="mutiplicationTable" time="0.006"/>
  <testcase classname="Programes.TestClass" name="fibionacciNumber" time="0.001"/>
  <testcase classname="Programes.TestClass" name="allCharectoers" time="0.001"/>
  <testcase classname="Programes.TestClass" name="numberCount" time="0.0"/>
  <testcase classname="TestCases.TestAssignment2" name="assignment_2" time="25.03"/>
  <testcase classname="TestCases.TestAssignment3" name="m1" time="0.013"/>
  <testcase classname="TestCases.TestAssignment3" name="m1" time="0.0"/>
  <testcase classname="TestCases.TestAssignment3" name="m2" time="0.001"/>
  <testcase classname="TestCases.TestAssignment1" name="assignment_1" time="6.698"/>
</testsuite> <!-- Command line test -->
