<?xml version="1.0" encoding="UTF-8"?>
<testng-results ignored="0" total="14" passed="14" failed="0" skipped="0">
  <reporter-output>
  </reporter-output>
  <suite started-at="2023-09-24T12:44:36 IST" name="Command line suite" finished-at="2023-09-24T12:45:22 IST" duration-ms="45612">
    <groups>
    </groups>
    <test started-at="2023-09-24T12:44:36 IST" name="Command line test" finished-at="2023-09-24T12:45:22 IST" duration-ms="45612">
      <class name="TestCases.TestAssignment3">
        <test-method signature="m1(java.lang.String,java.lang.String,java.lang.String)[pri:0, instance:TestCases.TestAssignment3@a3d8174]" started-at="2023-09-24T12:45:06 IST" name="m1" data-provider="getData" finished-at="2023-09-24T12:45:06 IST" duration-ms="13" status="PASS">
          <params>
            <param index="0">
              <value>
                <![CDATA[MILIND]]>
              </value>
            </param>
            <param index="1">
              <value>
                <![CDATA[GHONGADE]]>
              </value>
            </param>
            <param index="2">
              <value>
                <![CDATA[MR]]>
              </value>
            </param>
          </params>
          <reporter-output>
          </reporter-output>
        </test-method> <!-- m1 -->
        <test-method signature="m1(java.lang.String,java.lang.String,java.lang.String)[pri:0, instance:TestCases.TestAssignment3@a3d8174]" started-at="2023-09-24T12:45:06 IST" name="m1" data-provider="getData" finished-at="2023-09-24T12:45:06 IST" duration-ms="0" status="PASS">
          <params>
            <param index="0">
              <value>
                <![CDATA[WADASD]]>
              </value>
            </param>
            <param index="1">
              <value>
                <![CDATA[AFSDFDS]]>
              </value>
            </param>
            <param index="2">
              <value>
                <![CDATA[AFASDF]]>
              </value>
            </param>
          </params>
          <reporter-output>
          </reporter-output>
        </test-method> <!-- m1 -->
        <test-method signature="m2(java.util.HashMap)[pri:0, instance:TestCases.TestAssignment3@a3d8174]" started-at="2023-09-24T12:45:06 IST" name="m2" data-provider="getData2" finished-at="2023-09-24T12:45:06 IST" duration-ms="1" status="PASS">
          <params>
            <param index="0">
              <value>
                <![CDATA[{name=Milind, Work=IT, Location=Bangalore}]]>
              </value>
            </param>
          </params>
          <reporter-output>
          </reporter-output>
        </test-method> <!-- m2 -->
      </class> <!-- TestCases.TestAssignment3 -->
      <class name="TestCases.TestAssignment2">
        <test-method is-config="true" signature="initializeDriver()[pri:0, instance:TestCases.TestAssignment2@44821a96]" started-at="2023-09-24T12:44:36 IST" name="initializeDriver" finished-at="2023-09-24T12:44:38 IST" duration-ms="1407" status="PASS">
          <reporter-output>
          </reporter-output>
        </test-method> <!-- initializeDriver -->
        <test-method is-config="true" signature="launchApplication()[pri:0, instance:TestCases.TestAssignment2@44821a96]" started-at="2023-09-24T12:44:38 IST" name="launchApplication" finished-at="2023-09-24T12:44:40 IST" duration-ms="2601" status="PASS">
          <reporter-output>
          </reporter-output>
        </test-method> <!-- launchApplication -->
        <test-method signature="assignment_2(java.util.HashMap)[pri:0, instance:TestCases.TestAssignment2@44821a96]" started-at="2023-09-24T12:44:40 IST" name="assignment_2" data-provider="getData" finished-at="2023-09-24T12:45:05 IST" duration-ms="25030" status="PASS">
          <params>
            <param index="0">
              <value>
                <![CDATA[{password=Automation@123, email=milind.g@gmail.com}]]>
              </value>
            </param>
          </params>
          <reporter-output>
          </reporter-output>
        </test-method> <!-- assignment_2 -->
        <test-method is-config="true" signature="tearDown()[pri:0, instance:TestCases.TestAssignment2@44821a96]" started-at="2023-09-24T12:45:05 IST" name="tearDown" finished-at="2023-09-24T12:45:06 IST" duration-ms="97" status="PASS">
          <reporter-output>
          </reporter-output>
        </test-method> <!-- tearDown -->
      </class> <!-- TestCases.TestAssignment2 -->
      <class name="TestCases.TestAssignment1">
        <test-method is-config="true" signature="initializeDriver()[pri:0, instance:TestCases.TestAssignment1@1ba9117e]" started-at="2023-09-24T12:45:06 IST" name="initializeDriver" finished-at="2023-09-24T12:45:06 IST" duration-ms="730" status="PASS">
          <reporter-output>
          </reporter-output>
        </test-method> <!-- initializeDriver -->
        <test-method is-config="true" signature="launchApplication()[pri:0, instance:TestCases.TestAssignment1@1ba9117e]" started-at="2023-09-24T12:45:06 IST" name="launchApplication" finished-at="2023-09-24T12:45:15 IST" duration-ms="8630" status="PASS">
          <reporter-output>
          </reporter-output>
        </test-method> <!-- launchApplication -->
        <test-method signature="assignment_1(java.util.HashMap)[pri:0, instance:TestCases.TestAssignment1@1ba9117e]" started-at="2023-09-24T12:45:15 IST" name="assignment_1" data-provider="getData" finished-at="2023-09-24T12:45:22 IST" duration-ms="6698" status="PASS">
          <params>
            <param index="0">
              <value>
                <![CDATA[{password=Automation@123, email=milind.g@gmail.com}]]>
              </value>
            </param>
          </params>
          <reporter-output>
          </reporter-output>
        </test-method> <!-- assignment_1 -->
        <test-method is-config="true" signature="tearDown()[pri:0, instance:TestCases.TestAssignment1@1ba9117e]" started-at="2023-09-24T12:45:22 IST" name="tearDown" finished-at="2023-09-24T12:45:22 IST" duration-ms="79" status="PASS">
          <reporter-output>
          </reporter-output>
        </test-method> <!-- tearDown -->
      </class> <!-- TestCases.TestAssignment1 -->
      <class name="Programes.TestClass">
        <test-method signature="reverseNumber()[pri:0, instance:Programes.TestClass@5ab9e72c]" started-at="2023-09-24T12:44:36 IST" name="reverseNumber" finished-at="2023-09-24T12:44:36 IST" duration-ms="5" status="PASS">
          <reporter-output>
          </reporter-output>
        </test-method> <!-- reverseNumber -->
        <test-method signature="positiveOrNegative()[pri:1, instance:Programes.TestClass@5ab9e72c]" started-at="2023-09-24T12:44:36 IST" name="positiveOrNegative" finished-at="2023-09-24T12:44:36 IST" duration-ms="3" status="PASS">
          <reporter-output>
          </reporter-output>
        </test-method> <!-- positiveOrNegative -->
        <test-method signature="alphabetCheck()[pri:2, instance:Programes.TestClass@5ab9e72c]" started-at="2023-09-24T12:44:36 IST" name="alphabetCheck" finished-at="2023-09-24T12:44:36 IST" duration-ms="1" status="PASS">
          <reporter-output>
          </reporter-output>
        </test-method> <!-- alphabetCheck -->
        <test-method signature="sumOfNaturalNumbers()[pri:3, instance:Programes.TestClass@5ab9e72c]" started-at="2023-09-24T12:44:36 IST" name="sumOfNaturalNumbers" finished-at="2023-09-24T12:44:36 IST" duration-ms="1" status="PASS">
          <reporter-output>
          </reporter-output>
        </test-method> <!-- sumOfNaturalNumbers -->
        <test-method signature="factorial()[pri:4, instance:Programes.TestClass@5ab9e72c]" started-at="2023-09-24T12:44:36 IST" name="factorial" finished-at="2023-09-24T12:44:36 IST" duration-ms="4" status="PASS">
          <reporter-output>
          </reporter-output>
        </test-method> <!-- factorial -->
        <test-method signature="mutiplicationTable()[pri:5, instance:Programes.TestClass@5ab9e72c]" started-at="2023-09-24T12:44:36 IST" name="mutiplicationTable" finished-at="2023-09-24T12:44:36 IST" duration-ms="6" status="PASS">
          <reporter-output>
          </reporter-output>
        </test-method> <!-- mutiplicationTable -->
        <test-method signature="fibionacciNumber()[pri:6, instance:Programes.TestClass@5ab9e72c]" started-at="2023-09-24T12:44:36 IST" name="fibionacciNumber" finished-at="2023-09-24T12:44:36 IST" duration-ms="1" status="PASS">
          <reporter-output>
          </reporter-output>
        </test-method> <!-- fibionacciNumber -->
        <test-method signature="allCharectoers()[pri:7, instance:Programes.TestClass@5ab9e72c]" started-at="2023-09-24T12:44:36 IST" name="allCharectoers" finished-at="2023-09-24T12:44:36 IST" duration-ms="1" status="PASS">
          <reporter-output>
          </reporter-output>
        </test-method> <!-- allCharectoers -->
        <test-method signature="numberCount()[pri:8, instance:Programes.TestClass@5ab9e72c]" started-at="2023-09-24T12:44:36 IST" name="numberCount" finished-at="2023-09-24T12:44:36 IST" duration-ms="0" status="PASS">
          <reporter-output>
          </reporter-output>
        </test-method> <!-- numberCount -->
      </class> <!-- Programes.TestClass -->
    </test> <!-- Command line test -->
  </suite> <!-- Command line suite -->
</testng-results>
