<?xml version="1.0" encoding="UTF-8" ?>
<testsuite tests="14" failures="0" name="TestSuite" time="31.767" errors="0" skipped="0">
  <properties>
[...]
</properties>
  <testcase classname="Programes.TestClass" name="reverseNumber" time="0.007"/>
  <testcase classname="Programes.TestClass" name="positiveOrNegative" time="0.003"/>
  <testcase classname="Programes.TestClass" name="alphabetCheck" time="0"/>
  <testcase classname="Programes.TestClass" name="sumOfNaturalNumbers" time="0.002"/>
  <testcase classname="Programes.TestClass" name="factorial" time="0.005"/>
  <testcase classname="Programes.TestClass" name="mutiplicationTable" time="0.005"/>
  <testcase classname="Programes.TestClass" name="fibionacciNumber" time="0"/>
  <testcase classname="Programes.TestClass" name="allCharectoers" time="0.002"/>
  <testcase classname="Programes.TestClass" name="numberCount" time="0.002"/>
  <testcase classname="TestCases.TestAssignment2" name="assignment_2" time="25.029"/>
  <testcase classname="TestCases.TestAssignment3" name="m1" time="0.012"/>
  <testcase classname="TestCases.TestAssignment3" name="m1" time="0"/>
  <testcase classname="TestCases.TestAssignment3" name="m2" time="0.003"/>
  <testcase classname="TestCases.TestAssignment1" name="assignment_1" time="6.697"/>
</testsuite>