<?xml version="1.0" encoding="UTF-8"?>
<testng-results ignored="0" total="2" passed="2" failed="0" skipped="0">
  <reporter-output>
  </reporter-output>
  <suite started-at="2023-12-09T19:26:17 IST" name="Suite" finished-at="2023-12-09T19:26:52 IST" duration-ms="34698">
    <groups>
    </groups>
    <test started-at="2023-12-09T19:26:17 IST" name="Assignments" finished-at="2023-12-09T19:26:52 IST" duration-ms="34698">
      <class name="TestCases.TestAssignment2">
        <test-method is-config="true" signature="initializeDriver()[pri:0, instance:TestCases.TestAssignment2@550a1967]" started-at="2023-12-09T19:26:35 IST" name="initializeDriver" finished-at="2023-12-09T19:26:36 IST" duration-ms="276" status="PASS">
          <reporter-output>
          </reporter-output>
        </test-method> <!-- initializeDriver -->
        <test-method is-config="true" signature="launchApplication()[pri:0, instance:TestCases.TestAssignment2@550a1967]" started-at="2023-12-09T19:26:36 IST" name="launchApplication" finished-at="2023-12-09T19:26:38 IST" duration-ms="2807" status="PASS">
          <reporter-output>
          </reporter-output>
        </test-method> <!-- launchApplication -->
        <test-method signature="assignment_2(java.util.HashMap)[pri:0, instance:TestCases.TestAssignment2@550a1967]" started-at="2023-12-09T19:26:38 IST" name="assignment_2" data-provider="getData" finished-at="2023-12-09T19:26:52 IST" duration-ms="13467" status="PASS">
          <params>
            <param index="0">
              <value>
                <![CDATA[{password=Automation@123, email=milind.g@gmail.com}]]>
              </value>
            </param>
          </params>
          <reporter-output>
          </reporter-output>
        </test-method> <!-- assignment_2 -->
        <test-method is-config="true" signature="tearDown()[pri:0, instance:TestCases.TestAssignment2@550a1967]" started-at="2023-12-09T19:26:52 IST" name="tearDown" finished-at="2023-12-09T19:26:52 IST" duration-ms="79" status="PASS">
          <reporter-output>
          </reporter-output>
        </test-method> <!-- tearDown -->
      </class> <!-- TestCases.TestAssignment2 -->
      <class name="TestCases.TestAssignment1">
        <test-method is-config="true" signature="initializeDriver()[pri:0, instance:TestCases.TestAssignment1@ebaa6cb]" started-at="2023-12-09T19:26:17 IST" name="initializeDriver" finished-at="2023-12-09T19:26:18 IST" duration-ms="894" status="PASS">
          <reporter-output>
          </reporter-output>
        </test-method> <!-- initializeDriver -->
        <test-method is-config="true" signature="launchApplication()[pri:0, instance:TestCases.TestAssignment1@ebaa6cb]" started-at="2023-12-09T19:26:18 IST" name="launchApplication" finished-at="2023-12-09T19:26:21 IST" duration-ms="2301" status="PASS">
          <reporter-output>
          </reporter-output>
        </test-method> <!-- launchApplication -->
        <test-method signature="assignment_1(java.util.HashMap)[pri:0, instance:TestCases.TestAssignment1@ebaa6cb]" started-at="2023-12-09T19:26:21 IST" name="assignment_1" data-provider="getData" finished-at="2023-12-09T19:26:35 IST" duration-ms="14646" status="PASS">
          <params>
            <param index="0">
              <value>
                <![CDATA[{password=Automation@123, email=milind.g@gmail.com}]]>
              </value>
            </param>
          </params>
          <reporter-output>
          </reporter-output>
        </test-method> <!-- assignment_1 -->
        <test-method is-config="true" signature="tearDown()[pri:0, instance:TestCases.TestAssignment1@ebaa6cb]" started-at="2023-12-09T19:26:35 IST" name="tearDown" finished-at="2023-12-09T19:26:35 IST" duration-ms="83" status="PASS">
          <reporter-output>
          </reporter-output>
        </test-method> <!-- tearDown -->
      </class> <!-- TestCases.TestAssignment1 -->
    </test> <!-- Assignments -->
  </suite> <!-- Suite -->
</testng-results>
