<?xml version="1.0" encoding="UTF-8"?>
<testng-results ignored="0" total="1" passed="1" failed="0" skipped="0">
  <reporter-output>
  </reporter-output>
  <suite started-at="2023-09-24T19:14:37 IST" name="Default suite" finished-at="2023-09-24T19:15:52 IST" duration-ms="74594">
    <groups>
    </groups>
    <test started-at="2023-09-24T19:14:37 IST" name="Default test" finished-at="2023-09-24T19:15:52 IST" duration-ms="74594">
      <class name="TestCases.TestAssignment1">
        <test-method is-config="true" signature="initializeDriver()[pri:0, instance:TestCases.TestAssignment1@6b695b06]" started-at="2023-09-24T19:14:37 IST" name="initializeDriver" finished-at="2023-09-24T19:15:38 IST" duration-ms="61131" status="PASS">
          <reporter-output>
          </reporter-output>
        </test-method> <!-- initializeDriver -->
        <test-method is-config="true" signature="launchApplication()[pri:0, instance:TestCases.TestAssignment1@6b695b06]" started-at="2023-09-24T19:15:39 IST" name="launchApplication" finished-at="2023-09-24T19:15:45 IST" duration-ms="6581" status="PASS">
          <reporter-output>
          </reporter-output>
        </test-method> <!-- launchApplication -->
        <test-method signature="assignment_1(java.util.HashMap)[pri:0, instance:TestCases.TestAssignment1@6b695b06]" started-at="2023-09-24T19:15:45 IST" name="assignment_1" data-provider="getData" finished-at="2023-09-24T19:15:52 IST" duration-ms="6666" status="PASS">
          <params>
            <param index="0">
              <value>
                <![CDATA[{password=Automation@123, email=milind.g@gmail.com}]]>
              </value>
            </param>
          </params>
          <reporter-output>
          </reporter-output>
        </test-method> <!-- assignment_1 -->
        <test-method is-config="true" signature="tearDown()[pri:0, instance:TestCases.TestAssignment1@6b695b06]" started-at="2023-09-24T19:15:52 IST" name="tearDown" finished-at="2023-09-24T19:15:52 IST" duration-ms="75" status="PASS">
          <reporter-output>
          </reporter-output>
        </test-method> <!-- tearDown -->
      </class> <!-- TestCases.TestAssignment1 -->
    </test> <!-- Default test -->
  </suite> <!-- Default suite -->
</testng-results>
